<?xml version="1.0" encoding="UTF-8"?>
<!-- Generated by org.testng.reporters.JUnitReportReporter -->
<testsuite skipped="0" hostname="Vijay-Laptop" name="com.testngsample.Testngfirst" tests="1" failures="0" timestamp="03 Apr 2022 07:23:16 GMT" time="3.396" errors="0">
  <testcase name="login" time="3.396" classname="com.testngsample.Testngfirst"/>
</testsuite> <!-- com.testngsample.Testngfirst -->
