<?xml version="1.0" encoding="UTF-8"?>
<!-- Generated by org.testng.reporters.JUnitReportReporter -->
<testsuite skipped="0" hostname="Vijay-Laptop" name="com.testngsample.Groupbytest" tests="4" failures="0" timestamp="07 Apr 2022 15:00:28 GMT" time="0.000" errors="0">
  <testcase name="test4" time="0.000" classname="com.testngsample.Groupbytest"/>
  <testcase name="test3" time="0.000" classname="com.testngsample.Groupbytest"/>
  <testcase name="test2" time="0.000" classname="com.testngsample.Groupbytest"/>
  <testcase name="test1" time="0.000" classname="com.testngsample.Groupbytest"/>
</testsuite> <!-- com.testngsample.Groupbytest -->
