<?xml version="1.0" encoding="UTF-8"?>
<!-- Generated by org.testng.reporters.JUnitReportReporter -->
<testsuite skipped="0" hostname="Vijay-Laptop" name="com.testngsample.Priority" tests="1" failures="0" timestamp="05 Apr 2022 05:20:33 GMT" time="0.004" errors="0">
  <testcase name="tet" time="0.004" classname="com.testngsample.Priority"/>
</testsuite> <!-- com.testngsample.Priority -->
