<?xml version="1.0" encoding="UTF-8"?>
<!-- Generated by org.testng.reporters.JUnitReportReporter -->
<testsuite skipped="0" hostname="Vijay-Laptop" name="com.testngsample.Optionalparameter" tests="3" failures="0" timestamp="04 Apr 2022 04:20:19 GMT" time="0.009" errors="0">
  <testcase name="opt1" time="0.000" classname="com.testngsample.Optionalparameter"/>
  <testcase name="opt" time="0.009" classname="com.testngsample.Optionalparameter"/>
  <testcase name="opt1" time="0.000" classname="com.testngsample.Optionalparameter"/>
</testsuite> <!-- com.testngsample.Optionalparameter -->
